JvmtiExport can_access_local_variables 0
JvmtiExport can_hotswap_or_post_breakpoint 0
JvmtiExport can_post_on_exceptions 0
# 143 ciObject found
instanceKlass org/eclipse/core/internal/resources/SaveManager$1
instanceKlass org/eclipse/core/internal/resources/SafeFileTable
instanceKlass org/eclipse/core/internal/resources/SaveContext
instanceKlass org/eclipse/core/internal/utils/StringPoolJob$1
instanceKlass org/eclipse/core/internal/utils/StringPool
instanceKlass org/eclipse/core/internal/resources/MarkerManager$1
instanceKlass java/util/stream/DistinctOps
instanceKlass org/eclipse/jdt/ls/core/internal/handlers/WorkspaceEventsHandler
instanceKlass org/eclipse/lsp4j/FileEvent
instanceKlass org/eclipse/jdt/apt/core/internal/generatedfile/GeneratedResourceChangeListener$PreBuildVisitor
instanceKlass org/eclipse/jdt/internal/core/index/DiskIndex$IntList
instanceKlass org/eclipse/jdt/ls/core/internal/handlers/BaseDocumentLifeCycleHandler$7
instanceKlass org/eclipse/jdt/ls/core/internal/commands/OrganizeImportsCommand
instanceKlass org/eclipse/jdt/internal/compiler/parser/diagnose/DiagnoseParser$SecondaryRepairInfo
instanceKlass org/eclipse/jdt/internal/compiler/parser/diagnose/RangeUtil$RangeResult
instanceKlass org/eclipse/jdt/internal/compiler/parser/diagnose/RangeUtil
instanceKlass org/eclipse/jdt/internal/core/manipulation/search/ImplementOccurrencesFinder
instanceKlass org/eclipse/jdt/internal/core/manipulation/search/IOccurrencesFinder
instanceKlass org/eclipse/jdt/ls/core/internal/handlers/DocumentHighlightHandler
instanceKlass org/eclipse/jdt/ls/core/internal/Messages
instanceKlass org/eclipse/jdt/internal/core/Buffer$1
instanceKlass org/eclipse/jdt/internal/core/DeltaProcessor$3
instanceKlass org/eclipse/jdt/ls/core/internal/corrections/NameMatcher
instanceKlass org/eclipse/jdt/ls/core/internal/corrections/proposals/UnresolvedElementsSubProcessor
instanceKlass org/eclipse/jdt/internal/core/dom/rewrite/imports/ImportRewriteAnalyzer$RewriteResult
instanceKlass org/eclipse/jdt/internal/core/dom/rewrite/imports/ImportEditor$1
instanceKlass org/eclipse/jdt/internal/core/dom/rewrite/imports/ImportEditor$ImportEdits
instanceKlass org/eclipse/jdt/internal/core/dom/rewrite/imports/ImportEditor$OriginalImportsCursor
instanceKlass org/eclipse/jdt/internal/core/dom/rewrite/imports/OrderPreservingImportAdder$AdjacentImports
instanceKlass org/eclipse/jdt/internal/core/dom/rewrite/imports/ImportsDelta
instanceKlass org/eclipse/jdt/internal/core/dom/rewrite/imports/ConflictIdentifier$Conflicts
instanceKlass org/eclipse/jdt/internal/core/dom/rewrite/imports/RemovedImportCommentReassigner
instanceKlass org/eclipse/jdt/internal/core/dom/rewrite/imports/RewriteSite
instanceKlass org/eclipse/jdt/internal/core/dom/rewrite/imports/ImportEditor
instanceKlass org/eclipse/jdt/internal/core/dom/rewrite/imports/ImportDeclarationWriter
instanceKlass org/eclipse/jdt/internal/core/dom/rewrite/imports/StaticConflictingSimpleNameFinder
instanceKlass org/eclipse/jdt/internal/core/dom/rewrite/imports/TypeConflictingSimpleNameFinder
instanceKlass org/eclipse/jdt/internal/core/dom/rewrite/imports/ConflictingSimpleNameFinder
instanceKlass org/eclipse/jdt/internal/core/dom/rewrite/imports/ConflictIdentifier
instanceKlass org/eclipse/jdt/internal/core/dom/rewrite/imports/OnDemandComputer
instanceKlass org/eclipse/jdt/internal/core/dom/rewrite/imports/OrderPreservingImportAdder
instanceKlass org/eclipse/jdt/internal/core/dom/rewrite/imports/ImportComparator$1
instanceKlass org/eclipse/jdt/internal/core/dom/rewrite/imports/PackageAndContainingTypeImportComparator
instanceKlass org/eclipse/jdt/internal/core/dom/rewrite/imports/ImportComparator
instanceKlass org/eclipse/jdt/internal/core/dom/rewrite/imports/ImportGroupComparator$ImportGroup
instanceKlass org/eclipse/jdt/internal/core/dom/rewrite/imports/ImportGroupComparator$IndexedImportGroups
instanceKlass org/eclipse/jdt/internal/core/dom/rewrite/imports/ImportGroupComparator
instanceKlass org/eclipse/jdt/internal/core/dom/rewrite/imports/ImportName
instanceKlass org/eclipse/jdt/internal/core/dom/rewrite/imports/ImportEntry
instanceKlass org/eclipse/jdt/internal/core/dom/rewrite/imports/ImportRewriteAnalyzer
instanceKlass org/eclipse/jdt/internal/core/dom/rewrite/imports/ImportRewriteConfiguration
instanceKlass org/eclipse/jdt/internal/core/dom/rewrite/imports/ImportAdder
instanceKlass org/eclipse/jdt/internal/core/dom/rewrite/imports/ImportRewriteConfiguration$Builder
instanceKlass com/overzealous/remark/convert/AbstractNodeHandler
instanceKlass com/overzealous/remark/convert/TextCleaner$Escape
instanceKlass com/overzealous/remark/convert/TextCleaner
instanceKlass com/overzealous/remark/convert/NodeHandler
instanceKlass com/overzealous/remark/convert/DocumentConverter
instanceKlass org/jsoup/select/NodeVisitor
instanceKlass org/jsoup/nodes/Node
instanceKlass org/jsoup/safety/Cleaner
instanceKlass org/jsoup/safety/Safelist$TypedValue
instanceKlass org/jsoup/helper/Validate
instanceKlass org/jsoup/safety/Safelist
instanceKlass com/overzealous/remark/Remark
instanceKlass com/overzealous/remark/Options
instanceKlass org/eclipse/jdt/ls/core/internal/javadoc/AbstractJavaDocConverter
instanceKlass org/eclipse/core/internal/runtime/PrintStackUtil
instanceKlass java/lang/Throwable$PrintStreamOrWriter
instanceKlass org/eclipse/jdt/ls/core/internal/javadoc/JavadocContentAccess2
instanceKlass com/google/common/util/concurrent/SimpleTimeLimiter
instanceKlass com/google/common/util/concurrent/TimeLimiter
instanceKlass org/eclipse/jdt/ls/core/internal/ChangeUtil
instanceKlass java/math/MathContext
instanceKlass sun/net/www/protocol/http/HttpURLConnection$10
instanceKlass org/eclipse/jdt/internal/core/BinaryMethod$1ParametersNameCollector
instanceKlass org/eclipse/jdt/internal/corext/dom/ScopeAnalyzer$DefaultBindingRequestor
instanceKlass org/eclipse/jdt/internal/corext/dom/ScopeAnalyzer$IBindingRequestor
instanceKlass org/eclipse/jdt/internal/corext/dom/ScopeAnalyzer
instanceKlass org/eclipse/jdt/ls/core/internal/text/correction/RefactorProposalUtility$ExtractFieldInfo
instanceKlass org/eclipse/jdt/ls/core/internal/corext/refactoring/code/SnippetFinder$Match
instanceKlass org/eclipse/jdt/core/dom/ASTMatcher
instanceKlass org/eclipse/jdt/internal/corext/dom/ASTNodeFactory
instanceKlass org/eclipse/jdt/internal/corext/codemanipulation/RedundantNullnessTypeAnnotationsFilter
instanceKlass org/eclipse/jdt/internal/corext/refactoring/code/flow/FlowInfo
instanceKlass org/eclipse/jdt/internal/corext/refactoring/code/flow/FlowContext$Enum
instanceKlass org/eclipse/jdt/internal/corext/refactoring/code/flow/FlowContext
instanceKlass org/eclipse/jdt/internal/corext/refactoring/util/CommentAnalyzer
instanceKlass org/eclipse/jdt/internal/corext/dom/TokenScanner
instanceKlass org/eclipse/jdt/core/manipulation/CodeStyleConfiguration
instanceKlass org/eclipse/core/expressions/EvaluationResult
instanceKlass org/eclipse/core/expressions/EvaluationContext
instanceKlass org/eclipse/core/internal/expressions/Expressions
instanceKlass org/eclipse/core/expressions/Expression
instanceKlass org/eclipse/core/expressions/ElementHandler
instanceKlass org/eclipse/core/expressions/ExpressionConverter
instanceKlass org/eclipse/core/expressions/IEvaluationContext
instanceKlass org/eclipse/core/internal/resources/mapping/ModelProviderDescriptor
instanceKlass org/eclipse/core/resources/mapping/IModelProviderDescriptor
instanceKlass org/eclipse/core/internal/resources/mapping/ModelProviderManager
instanceKlass org/eclipse/core/internal/resources/mapping/ChangeDescription
instanceKlass org/eclipse/core/internal/resources/mapping/ResourceChangeDescriptionFactory
instanceKlass org/eclipse/core/resources/mapping/IResourceChangeDescriptionFactory
instanceKlass org/eclipse/core/resources/mapping/ResourceChangeValidator
instanceKlass org/eclipse/ltk/core/refactoring/participants/ResourceChangeChecker
instanceKlass org/eclipse/jdt/internal/corext/refactoring/code/ConstantChecks
instanceKlass org/eclipse/core/resources/ResourceAttributes
instanceKlass org/eclipse/jdt/internal/corext/util/Resources
instanceKlass org/eclipse/jdt/internal/corext/refactoring/util/ResourceUtil
instanceKlass org/eclipse/ltk/core/refactoring/ChangeDescriptor
instanceKlass org/eclipse/jdt/internal/core/dom/rewrite/RewriteEventStore$EventHolder
instanceKlass org/eclipse/jdt/internal/core/dom/rewrite/RewriteEventStore$CopySourceInfo
instanceKlass org/eclipse/jdt/internal/core/dom/rewrite/RewriteEventStore$PropertyLocation
instanceKlass org/eclipse/jdt/ls/core/internal/handlers/FindLinksHandler
instanceKlass org/eclipse/lsp4j/adapters/HoverTypeAdapter$Factory
instanceKlass org/eclipse/lsp4j/MarkedString
instanceKlass org/eclipse/jdt/ls/core/internal/HoverInfoProvider
instanceKlass org/eclipse/jdt/ls/core/internal/hover/JavaElementLabelComposer$FlexibleBuilder
instanceKlass org/eclipse/jdt/ls/core/internal/hover/JavaElementLabelComposer
instanceKlass org/eclipse/jdt/ls/core/internal/hover/JavaElementLabels
instanceKlass org/eclipse/jdt/internal/corext/dom/fragments/Util
instanceKlass org/eclipse/jdt/internal/corext/SourceRangeFactory
instanceKlass org/eclipse/jdt/internal/corext/template/java/JavaContextCore$2
instanceKlass org/eclipse/jdt/core/NamingConventions$NamingRequestor
instanceKlass org/eclipse/jdt/internal/corext/template/java/CompilationUnitCompletion$Variable
instanceKlass org/eclipse/jdt/ls/core/internal/contentassist/JavadocCompletionProposal
instanceKlass org/eclipse/jdt/ls/core/internal/contentassist/SnippetUtils
instanceKlass org/eclipse/jface/text/TextUtilities
instanceKlass org/eclipse/jface/text/templates/TemplateVariableType
instanceKlass org/eclipse/jface/text/templates/TemplateTranslator$VariableDescription
instanceKlass org/eclipse/jface/text/templates/TemplateBuffer
instanceKlass org/eclipse/jface/text/templates/TemplateVariable
instanceKlass org/eclipse/jface/text/templates/TemplateTranslator
instanceKlass org/eclipse/jface/text/templates/TemplateContext
instanceKlass org/eclipse/jdt/internal/corext/template/java/IJavaContext
instanceKlass org/eclipse/jdt/ls/core/internal/contentassist/SnippetCompletionProposal$SnippetCompletionContext
instanceKlass org/eclipse/lsp4j/adapters/CompletionItemTextEditTypeAdapter
instanceKlass org/eclipse/lsp4j/InsertReplaceEdit
instanceKlass org/eclipse/lsp4j/MarkupContent
instanceKlass org/eclipse/jface/text/Region
instanceKlass org/eclipse/jdt/ls/core/internal/CompletionUtils
instanceKlass org/eclipse/jdt/core/dom/rewrite/ImportRewrite
instanceKlass org/eclipse/jdt/ls/core/internal/contentassist/TypeProposalUtils
instanceKlass org/eclipse/jdt/ls/core/internal/contentassist/SortTextHelper
instanceKlass org/eclipse/jdt/internal/corext/template/java/SignatureUtil
instanceKlass com/microsoft/jdtls/intellicode/core/pythia/PythiaCompletionProvider$ProposalComparator
instanceKlass com/microsoft/jdtls/intellicode/core/pythia/PythiaCompletionProvider
instanceKlass com/microsoft/jdtls/intellicode/core/pythia/PythiaCompletionContext$1
instanceKlass com/microsoft/jdtls/intellicode/core/pythia/PythiaCompletionContext
instanceKlass org/eclipse/jdt/internal/ui/util/StringMatcher
instanceKlass org/eclipse/jdt/internal/codeassist/CompletionEngine$AcceptedType
instanceKlass org/eclipse/jdt/internal/codeassist/CompletionEngine$7
instanceKlass org/eclipse/jdt/internal/codeassist/CompletionEngine$8
instanceKlass org/eclipse/jdt/ls/core/internal/contentassist/CompletionProposalReplacementProvider
instanceKlass org/eclipse/jdt/ls/core/internal/contentassist/CompletionProposalDescriptionProvider
instanceKlass org/eclipse/jdt/internal/codeassist/InternalExtendedCompletionContext$1
instanceKlass org/eclipse/jdt/internal/codeassist/InternalExtendedCompletionContext
instanceKlass org/eclipse/jdt/internal/codeassist/impl/Keywords
instanceKlass org/eclipse/jdt/internal/codeassist/complete/CompletionOnJavadoc
instanceKlass java/util/Spliterators$IntArraySpliterator
instanceKlass org/eclipse/jdt/internal/compiler/parser/RecoveryScannerData
instanceKlass org/eclipse/jdt/internal/compiler/parser/diagnose/DiagnoseParser$StateInfo
instanceKlass org/eclipse/jdt/internal/compiler/parser/diagnose/DiagnoseParser$RepairCandidate
instanceKlass org/eclipse/jdt/internal/compiler/parser/diagnose/DiagnoseParser$PrimaryRepairInfo
instanceKlass org/eclipse/jdt/internal/compiler/parser/diagnose/LexStream$Token
instanceKlass org/eclipse/jdt/internal/compiler/parser/diagnose/LexStream
instanceKlass org/eclipse/jdt/internal/compiler/parser/diagnose/DiagnoseParser
instanceKlass org/eclipse/jdt/internal/codeassist/complete/CompletionOnKeyword
instanceKlass org/eclipse/jdt/ls/core/internal/handlers/CompletionResponse
instanceKlass org/eclipse/jdt/ls/core/internal/handlers/CompletionResponses
instanceKlass com/microsoft/jdtls/intellicode/core/CompletionProvider
instanceKlass org/eclipse/lsp4j/CompletionContext
instanceKlass org/eclipse/jface/text/TreeLineTracker$Node
instanceKlass org/eclipse/jface/text/TreeLineTracker
instanceKlass org/eclipse/text/edits/UndoCollector
instanceKlass org/eclipse/text/edits/TextEditProcessor
instanceKlass org/eclipse/text/edits/TextEdit$InsertionComparator
instanceKlass org/eclipse/jdt/ls/core/internal/handlers/BaseDocumentLifeCycleHandler$6
instanceKlass org/eclipse/lsp4j/TextDocumentContentChangeEvent
instanceKlass com/google/gson/internal/$Gson$Types$GenericArrayTypeImpl
instanceKlass com/microsoft/jdtls/intellicode/core/pythia/PythiaModel
instanceKlass com/microsoft/java/debug/plugin/internal/ResolveMainMethodHandler
instanceKlass java/time/LocalTime$1
instanceKlass java/time/ZonedDateTime$1
instanceKlass java/util/Formatter$DateTime
instanceKlass java/util/logging/Level$RbAccess
instanceKlass java/lang/StackStreamFactory$FrameBuffer
instanceKlass java/lang/StackStreamFactory$1
instanceKlass java/lang/StackStreamFactory
instanceKlass java/util/logging/LogRecord$CallerFinder
instanceKlass java/time/zone/ZoneOffsetTransitionRule$1
instanceKlass java/time/chrono/AbstractChronology
instanceKlass java/time/chrono/Chronology
instanceKlass java/time/LocalDate$1
instanceKlass java/time/temporal/TemporalAdjusters
instanceKlass java/time/ZonedDateTime
instanceKlass java/time/chrono/ChronoZonedDateTime
instanceKlass java/time/LocalDate
instanceKlass java/time/chrono/ChronoLocalDate
instanceKlass java/time/zone/ZoneOffsetTransition
instanceKlass java/time/temporal/ValueRange
instanceKlass java/time/temporal/TemporalField
instanceKlass java/time/LocalTime
instanceKlass java/time/LocalDateTime
instanceKlass java/time/chrono/ChronoLocalDateTime
instanceKlass com/google/gson/internal/bind/NumberTypeAdapter$2
instanceKlass java/time/zone/ZoneOffsetTransitionRule
instanceKlass java/time/zone/ZoneRules
instanceKlass java/time/zone/Ser
instanceKlass java/time/zone/ZoneRulesProvider$1
instanceKlass java/time/zone/ZoneRulesProvider
instanceKlass java/time/ZoneId
instanceKlass java/util/logging/LogManager$CloseOnReset
instanceKlass java/util/logging/StreamHandler$1
instanceKlass java/util/logging/Handler$1
instanceKlass jdk/internal/logger/SimpleConsoleLogger$Formatting
instanceKlass java/util/logging/Formatter
instanceKlass java/time/Clock
instanceKlass java/time/InstantSource
instanceKlass java/time/Instant
instanceKlass java/time/temporal/TemporalAdjuster
instanceKlass java/time/temporal/Temporal
instanceKlass java/time/temporal/TemporalAccessor
instanceKlass java/util/logging/LogRecord
instanceKlass java/util/logging/ErrorManager
instanceKlass com/microsoft/java/debug/plugin/internal/LogUtils
instanceKlass com/microsoft/java/debug/plugin/internal/JavaDebuggerServerPlugin
instanceKlass com/microsoft/java/debug/plugin/internal/JavaDebugDelegateCommandHandler
instanceKlass sun/security/util/ArrayUtil
instanceKlass sun/security/jca/JCAUtil
instanceKlass javax/crypto/spec/SecretKeySpec$1
instanceKlass jdk/internal/access/JavaxCryptoSpecAccess
instanceKlass javax/crypto/spec/SecretKeySpec
instanceKlass javax/crypto/spec/IvParameterSpec
instanceKlass org/eclipse/jdt/internal/ui/text/correction/ProblemLocationCore
instanceKlass org/eclipse/jdt/internal/launching/JRERuntimeClasspathEntryResolver
instanceKlass org/eclipse/lsp4j/DidChangeWatchedFilesRegistrationOptions
instanceKlass org/eclipse/lsp4j/FileSystemWatcher
instanceKlass org/eclipse/jdt/ls/core/internal/handlers/ClasspathUpdateHandler
instanceKlass org/eclipse/jdt/internal/launching/RuntimeClasspathEntryResolver
instanceKlass org/eclipse/jdt/launching/IRuntimeClasspathEntryResolver2
instanceKlass org/eclipse/osgi/internal/serviceregistry/ServiceFactoryUse$2
instanceKlass com/microsoft/java/test/plugin/util/ProjectTestUtils$TestSourcePath
instanceKlass org/eclipse/core/runtime/content/XMLRootElementContentDescriber2$QualifiedElement
instanceKlass com/microsoft/java/test/plugin/util/ProjectTestUtils
instanceKlass com/microsoft/java/test/plugin/handler/ClasspathUpdateHandler
instanceKlass com/microsoft/java/test/plugin/util/JUnitPlugin
instanceKlass com/microsoft/java/test/plugin/handler/TestDelegateCommandHandler
instanceKlass com/microsoft/jdtls/intellicode/core/pythia/PythiaModelLoader
instanceKlass jdk/internal/icu/impl/Norm2AllModes$NFCSingleton
instanceKlass jdk/internal/icu/text/NormalizerBase$NFCModeImpl
instanceKlass org/eclipse/lsp4j/Unregistration
instanceKlass com/microsoft/jdtls/intellicode/core/IntelliCodeActivator
instanceKlass org/eclipse/jdt/ls/core/internal/commands/ProjectCommand
instanceKlass com/microsoft/jdtls/intellicode/core/CommandHandler
instanceKlass org/eclipse/lsp4j/ChangeAnnotation
instanceKlass org/eclipse/jdt/ls/core/internal/JDTDelegateCommandHandler
instanceKlass org/eclipse/m2e/core/internal/content/TextContentDescriber
instanceKlass org/eclipse/lsp4j/adapters/ResourceChangeListAdapter
instanceKlass org/eclipse/lsp4j/ResourceChange
instanceKlass org/eclipse/lsp4j/RenameFileOptions
instanceKlass org/eclipse/lsp4j/DeleteFileOptions
instanceKlass org/eclipse/lsp4j/CreateFileOptions
instanceKlass org/eclipse/lsp4j/adapters/ResourceOperationTypeAdapter
instanceKlass org/eclipse/lsp4j/adapters/VersionedTextDocumentIdentifierTypeAdapter$Factory
instanceKlass org/eclipse/lsp4j/jsonrpc/json/adapters/EitherTypeAdapter$PropertyChecker
instanceKlass org/eclipse/lsp4j/adapters/DocumentChangeListAdapter
instanceKlass org/eclipse/lsp4j/ResourceOperation
instanceKlass org/eclipse/lsp4j/TextDocumentEdit
instanceKlass org/eclipse/lsp4j/CodeActionDisabled
instanceKlass org/eclipse/jdt/ls/core/internal/handlers/ResponseStore$ResponseItem
instanceKlass org/eclipse/core/internal/adapter/AdapterFactoryProxy
instanceKlass org/eclipse/text/edits/TextEditVisitor
instanceKlass org/eclipse/jdt/ls/core/internal/handlers/WorkspaceDiagnosticsHandler
instanceKlass org/eclipse/text/edits/TextEditGroup
instanceKlass org/eclipse/jdt/internal/corext/fix/CompilationUnitRewriteOperationsFixCore$CompilationUnitRewriteOperation
instanceKlass org/eclipse/jdt/internal/corext/fix/AbstractFix
instanceKlass org/eclipse/jdt/internal/corext/fix/ILinkedFixCore
instanceKlass org/eclipse/jdt/ls/core/internal/handlers/GenerateDelegateMethodsHandler
instanceKlass org/eclipse/jdt/internal/core/manipulation/StubUtility
instanceKlass org/eclipse/jdt/internal/core/InternalNamingConventions
instanceKlass org/eclipse/jdt/core/NamingConventions
instanceKlass org/eclipse/jdt/internal/corext/codemanipulation/GetterSetterUtil
instanceKlass org/eclipse/jdt/ls/core/internal/codemanipulation/GenerateGetterSetterOperation
instanceKlass org/eclipse/jdt/ls/core/internal/handlers/JdtDomModels$LspVariableBinding
instanceKlass org/eclipse/jdt/ls/core/internal/handlers/JdtDomModels
instanceKlass org/eclipse/jdt/ls/core/internal/handlers/JdtDomModels$LspMethodBinding
instanceKlass org/eclipse/jdt/internal/corext/dom/Bindings
instanceKlass org/eclipse/jdt/internal/corext/codemanipulation/StubUtility2Core
instanceKlass org/eclipse/jdt/ls/core/internal/handlers/GenerateConstructorsHandler
instanceKlass org/eclipse/jdt/internal/core/search/NameMatchRequestorWrapper
instanceKlass org/eclipse/jdt/internal/codeassist/SelectionEngine$2
instanceKlass org/eclipse/jdt/internal/compiler/env/AccessRestriction
instanceKlass org/eclipse/jdt/internal/core/ReconcileWorkingCopyOperation$1
instanceKlass org/eclipse/jdt/core/compiler/ReconcileContext
instanceKlass org/eclipse/jdt/internal/core/CompilationUnitProblemFinder$1
instanceKlass org/eclipse/jdt/internal/core/SearchableEnvironment$4
instanceKlass org/eclipse/jdt/internal/core/SearchableEnvironment$3
instanceKlass org/eclipse/jdt/internal/codeassist/impl/AssistOptions
instanceKlass org/eclipse/jdt/internal/core/SelectionRequestor
instanceKlass org/eclipse/jdt/core/dom/DefaultBindingResolver$1
instanceKlass org/eclipse/jdt/internal/ui/text/correction/QuickAssistProcessorUtil
instanceKlass org/eclipse/jdt/internal/corext/refactoring/code/CodeRefactoringUtil
instanceKlass org/eclipse/jdt/internal/corext/dom/fragments/IExpressionFragment
instanceKlass org/eclipse/jdt/internal/corext/dom/fragments/ASTFragment
instanceKlass org/eclipse/jdt/internal/corext/dom/fragments/IASTFragment
instanceKlass org/eclipse/jdt/internal/corext/dom/fragments/ASTFragmentFactory
instanceKlass org/eclipse/jdt/internal/corext/dom/Selection
instanceKlass org/eclipse/jdt/ls/core/internal/corext/refactoring/TypeContextChecker$MethodTypesSyntaxChecker
instanceKlass org/eclipse/jdt/ls/core/internal/corext/refactoring/TypeContextChecker
instanceKlass org/eclipse/jdt/internal/core/dom/rewrite/NodeInfoStore$PlaceholderData
instanceKlass org/eclipse/jdt/internal/core/dom/rewrite/NodeInfoStore
instanceKlass org/eclipse/jdt/core/dom/rewrite/ITrackedNodePosition
instanceKlass org/eclipse/jdt/core/dom/rewrite/ASTRewrite
instanceKlass org/codehaus/plexus/interpolation/RecursionInterceptor
instanceKlass org/codehaus/plexus/interpolation/AbstractValueSource
instanceKlass org/apache/maven/plugins/resources/MavenBuildTimestamp
instanceKlass org/apache/maven/shared/utils/io/FileUtils$FilterWrapper
instanceKlass org/codehaus/plexus/util/StringUtils
instanceKlass org/codehaus/plexus/util/introspection/MethodMap
instanceKlass org/codehaus/plexus/util/introspection/ClassMap$CacheMiss
instanceKlass org/codehaus/plexus/util/introspection/ClassMap
instanceKlass org/eclipse/jdt/internal/corext/refactoring/util/RefactoringASTParser
instanceKlass org/codehaus/plexus/util/introspection/ReflectionValueExtractor$Tokenizer
instanceKlass org/eclipse/jdt/internal/corext/refactoring/structure/CompilationUnitRewrite
instanceKlass org/codehaus/plexus/util/introspection/ReflectionValueExtractor
instanceKlass org/eclipse/sisu/plexus/CompositeBeanHelper$1
instanceKlass org/eclipse/jdt/internal/corext/util/MethodOverrideTester
instanceKlass org/eclipse/sisu/plexus/CompositeBeanHelper
instanceKlass org/apache/maven/plugin/internal/ValidatingConfigurationListener
instanceKlass org/apache/maven/plugin/DebugConfigurationListener
instanceKlass org/codehaus/plexus/component/configurator/expression/DefaultExpressionEvaluator
instanceKlass org/apache/maven/plugin/PluginParameterExpressionEvaluator
instanceKlass org/codehaus/plexus/component/configurator/expression/TypeAwareExpressionEvaluator
instanceKlass org/apache/maven/monitor/logging/DefaultLog
instanceKlass org/eclipse/ltk/core/refactoring/RefactoringStatusEntry
instanceKlass org/eclipse/jdt/internal/corext/CorextCore
instanceKlass org/eclipse/jdt/internal/corext/util/Messages
instanceKlass org/eclipse/jdt/internal/core/manipulation/util/Strings
instanceKlass org/eclipse/osgi/util/TextProcessor
instanceKlass org/eclipse/jdt/internal/core/manipulation/util/BasicElementLabels
instanceKlass org/eclipse/jdt/internal/corext/refactoring/util/JavaElementUtil
instanceKlass javax/annotation/meta/TypeQualifier
instanceKlass javax/annotation/Nonnull
instanceKlass org/codehaus/plexus/interpolation/Interpolator
instanceKlass org/codehaus/plexus/interpolation/BasicInterpolator
instanceKlass org/codehaus/plexus/interpolation/InterpolationPostProcessor
instanceKlass org/codehaus/plexus/interpolation/ValueSource
instanceKlass org/sonatype/plexus/components/cipher/PBECipher
instanceKlass org/sonatype/plexus/components/sec/dispatcher/model/SettingsSecurity
instanceKlass org/eclipse/jdt/internal/core/hierarchy/HierarchyType
instanceKlass org/apache/maven/shared/filtering/AbstractMavenFilteringRequest
instanceKlass org/apache/maven/shared/filtering/MavenResourcesFiltering
instanceKlass org/apache/maven/shared/filtering/MavenReaderFilter
instanceKlass org/apache/maven/shared/filtering/MavenFileFilter
instanceKlass org/apache/maven/shared/filtering/DefaultFilterInfo
instanceKlass org/sonatype/plexus/components/cipher/PlexusCipher
instanceKlass org/sonatype/plexus/components/sec/dispatcher/SecDispatcher
instanceKlass org/eclipse/jdt/internal/core/hierarchy/HierarchyBinaryType
instanceKlass org/eclipse/jdt/internal/compiler/parser/TypeConverter
instanceKlass org/eclipse/jdt/internal/core/hierarchy/IndexBasedHierarchyBuilder$1
instanceKlass org/eclipse/jdt/internal/core/util/HandleFactory
instanceKlass org/eclipse/jdt/internal/core/Region$Node
instanceKlass org/eclipse/jdt/internal/core/Region
instanceKlass java/util/stream/Streams$2
instanceKlass java/util/stream/Streams$ConcatSpliterator
instanceKlass org/eclipse/sisu/space/FileEntryIterator
instanceKlass org/eclipse/sisu/space/ResourceEnumeration
instanceKlass org/eclipse/sisu/plexus/ComponentDescriptorBeanModule$PlexusDescriptorBeanSource
instanceKlass org/eclipse/sisu/plexus/ComponentDescriptorBeanModule$ComponentMetadata
instanceKlass org/apache/maven/plugin/AbstractMojo
instanceKlass org/apache/maven/plugin/ContextEnabled
instanceKlass org/apache/maven/plugin/Mojo
instanceKlass org/eclipse/sisu/plexus/ComponentDescriptorBeanModule
instanceKlass org/apache/maven/classrealm/ArtifactClassRealmConstituent
instanceKlass org/eclipse/jdt/internal/core/search/indexing/QualifierQuery
instanceKlass org/eclipse/aether/util/graph/visitor/FilteringDependencyVisitor
instanceKlass org/eclipse/jdt/internal/core/hierarchy/IndexBasedHierarchyBuilder$SubtypeQuery
instanceKlass org/eclipse/jdt/internal/core/hierarchy/IndexBasedHierarchyBuilder$Queue
instanceKlass org/eclipse/jdt/internal/core/hierarchy/IndexBasedHierarchyBuilder$1PathCollector
instanceKlass org/eclipse/jdt/internal/core/hierarchy/BindingMap
instanceKlass org/eclipse/jdt/internal/core/hierarchy/HierarchyResolver
instanceKlass org/eclipse/jdt/internal/core/IPathRequestor
instanceKlass org/eclipse/jdt/internal/core/TypeVector
instanceKlass org/eclipse/jdt/ls/core/internal/corext/refactoring/rename/MethodChecks
instanceKlass org/eclipse/ltk/core/refactoring/participants/IConditionChecker
instanceKlass org/eclipse/jdt/internal/corext/util/JdtFlags
instanceKlass org/eclipse/jdt/ls/core/internal/corext/refactoring/ReturnTypeInfo
instanceKlass org/eclipse/jdt/ls/core/internal/corext/refactoring/ParameterInfo
instanceKlass org/eclipse/jdt/internal/corext/refactoring/changes/WorkspaceTracker$Listener
instanceKlass org/eclipse/jdt/ls/core/internal/corext/refactoring/ChangeSignatureProcessor$OccurrenceUpdate
instanceKlass org/eclipse/ltk/core/refactoring/RefactoringStatusContext
instanceKlass org/eclipse/jdt/core/dom/rewrite/TargetSourceRangeComputer
instanceKlass org/eclipse/jdt/core/Flags
instanceKlass org/eclipse/jdt/internal/corext/refactoring/Checks
instanceKlass org/eclipse/jdt/ls/core/internal/corext/refactoring/RefactoringAvailabilityTester
instanceKlass org/eclipse/ltk/core/refactoring/RefactoringStatus
instanceKlass org/eclipse/jdt/internal/core/JavaElementDeltaBuilder$ListItem
instanceKlass org/eclipse/jdt/internal/core/JavaElementDeltaBuilder
instanceKlass org/eclipse/jdt/internal/core/JavaModelManager$ZipCache
instanceKlass org/eclipse/jdt/internal/corext/fix/LinkedProposalModelCore
instanceKlass org/eclipse/jdt/ls/core/internal/corext/refactoring/BodyUpdater
instanceKlass org/eclipse/jdt/internal/core/manipulation/dom/ASTResolving
instanceKlass org/eclipse/jdt/internal/corext/util/JavaModelUtil
instanceKlass org/eclipse/jdt/internal/corext/refactoring/tagging/IDelegateUpdating
instanceKlass org/eclipse/jdt/ls/core/internal/text/correction/RefactorProposalUtility
instanceKlass org/eclipse/jdt/ls/core/internal/corrections/InvertBooleanUtility$SimpleNameRenameProvider
instanceKlass org/eclipse/jdt/ls/core/internal/corrections/InvertBooleanUtility
instanceKlass org/eclipse/jdt/core/dom/NodeFinder
instanceKlass org/eclipse/jdt/ls/core/internal/handlers/CodeActionHandler$ChangeCorrectionProposalComparator
instanceKlass org/eclipse/jdt/internal/ui/text/correction/IProblemLocationCore
instanceKlass org/eclipse/jdt/core/dom/PackageBinding
instanceKlass org/eclipse/jdt/ls/core/internal/corrections/InnovationContext
instanceKlass org/eclipse/jdt/ls/core/internal/handlers/JsonRpcHelpers
instanceKlass org/eclipse/jdt/ls/core/internal/semantictokens/SemanticTokensVisitor$SemanticToken
instanceKlass org/eclipse/jdt/ls/core/internal/corrections/DiagnosticsHelper
instanceKlass org/eclipse/jdt/ls/core/internal/semantictokens/SemanticTokensVisitor$NodeVisitor
instanceKlass org/eclipse/jdt/internal/corext/dom/TypeBindingVisitor
instanceKlass org/eclipse/jdt/internal/corext/dom/ASTNodes
instanceKlass org/eclipse/jdt/core/dom/DefaultCommentMapper
instanceKlass org/eclipse/jdt/core/dom/ASTNode$NodeList$Cursor
instanceKlass org/eclipse/jdt/internal/compiler/util/HashtableOfObjectToIntArray
instanceKlass org/eclipse/jdt/core/dom/TypeBinding
instanceKlass org/eclipse/jdt/core/dom/Assignment$Operator
instanceKlass org/eclipse/jdt/core/dom/PostfixExpression$Operator
instanceKlass org/eclipse/jdt/core/dom/InfixExpression$Operator
instanceKlass org/eclipse/jdt/core/dom/PrimitiveType$Code
instanceKlass org/eclipse/jdt/core/dom/MethodBinding
instanceKlass org/eclipse/jdt/core/dom/PrefixExpression$Operator
instanceKlass org/eclipse/jdt/core/dom/AnnotationBinding
instanceKlass org/eclipse/jdt/core/dom/DefaultBindingResolver$AnnotationIdentityBinding
instanceKlass org/eclipse/jdt/core/dom/VariableBinding
instanceKlass org/eclipse/jdt/core/dom/Modifier$ModifierKeyword
instanceKlass org/eclipse/jdt/core/dom/ASTConverter$ISetJavaDoc
instanceKlass org/eclipse/jdt/core/dom/ASTConverter$IGetJavaDoc
instanceKlass org/eclipse/jdt/core/dom/Message
instanceKlass org/eclipse/jdt/core/dom/IVariableBinding
instanceKlass org/eclipse/jdt/core/dom/IPackageBinding
instanceKlass org/eclipse/jdt/core/dom/IModuleBinding
instanceKlass org/eclipse/jdt/core/dom/IMethodBinding
instanceKlass org/eclipse/jdt/internal/core/util/Util$BindingsToNodesMap
instanceKlass org/eclipse/jdt/core/dom/IAnnotationBinding
instanceKlass org/eclipse/jdt/core/dom/IMemberValuePairBinding
instanceKlass org/eclipse/jdt/core/dom/ITypeBinding
instanceKlass org/eclipse/jdt/core/dom/IExtendedModifier
instanceKlass org/eclipse/aether/collection/DependencyManagement
instanceKlass org/eclipse/jdt/core/dom/ASTConverter
instanceKlass org/eclipse/jdt/core/dom/DefaultBindingResolver$BindingTables
instanceKlass org/eclipse/aether/util/graph/selector/ExclusionDependencySelector$ExclusionComparator
instanceKlass org/eclipse/aether/graph/Dependency$Exclusions$1
instanceKlass org/apache/maven/model/ActivationFile
instanceKlass org/apache/maven/plugin/internal/WagonExcluder
instanceKlass org/eclipse/aether/util/filter/ScopeDependencyFilter
instanceKlass org/apache/maven/plugin/internal/PlexusUtilsInjector
instanceKlass org/eclipse/aether/util/filter/AndDependencyFilter
instanceKlass org/apache/maven/plugin/CacheUtils
instanceKlass org/apache/maven/plugin/DefaultPluginRealmCache$CacheKey
instanceKlass org/apache/maven/project/artifact/DefaultProjectArtifactsCache$CacheKey
instanceKlass org/eclipse/m2e/core/internal/embedder/MavenProjectMutableState
instanceKlass org/eclipse/jdt/internal/compiler/lookup/ElementValuePair$UnresolvedEnumConstant
instanceKlass org/eclipse/core/internal/utils/ObjectMap
instanceKlass org/eclipse/jdt/internal/compiler/env/EnumConstantSignature
instanceKlass org/eclipse/jdt/internal/compiler/classfmt/ElementValuePairInfo
instanceKlass org/eclipse/m2e/core/internal/builder/BuildResultCollector
instanceKlass org/jboss/tools/maven/apt/internal/AnnotationProcessorConfiguration
instanceKlass org/jboss/tools/maven/apt/internal/utils/PluginDependencyResolver
instanceKlass org/jboss/tools/maven/apt/internal/AbstractAptConfiguratorDelegate
instanceKlass org/jboss/tools/maven/apt/preferences/PreferencesConstants
instanceKlass org/eclipse/jdt/internal/compiler/ISourceElementRequestor$TypeParameterInfo
instanceKlass org/eclipse/m2e/core/internal/builder/InternalBuildParticipant
instanceKlass org/apache/maven/plugin/MavenPluginValidator
instanceKlass org/codehaus/plexus/component/repository/ComponentDependency
instanceKlass org/codehaus/plexus/component/repository/ComponentRequirement
instanceKlass org/apache/maven/plugin/descriptor/Parameter
instanceKlass org/codehaus/plexus/configuration/DefaultPlexusConfiguration
instanceKlass org/apache/maven/model/merge/ModelMerger$NotifierKeyComputer
instanceKlass org/apache/maven/model/Exclusion
instanceKlass org/apache/maven/model/Notifier
instanceKlass org/apache/maven/model/Site
instanceKlass org/apache/maven/plugin/DefaultPluginDescriptorCache$CacheKey
instanceKlass org/apache/maven/lifecycle/internal/ExecutionPlanItem
instanceKlass org/apache/maven/lifecycle/internal/GoalTask
instanceKlass org/apache/maven/lifecycle/internal/LifecycleTask
instanceKlass org/eclipse/m2e/core/internal/lifecyclemapping/ProjectConfigurationElementSorter
instanceKlass org/jboss/tools/maven/apt/internal/AptConfiguratorDelegate
instanceKlass org/jboss/tools/maven/apt/internal/preferences/PreferencesManager
instanceKlass org/jboss/tools/maven/apt/preferences/IPreferencesManager
instanceKlass org/eclipse/m2e/core/project/configurator/AbstractProjectConfigurator
instanceKlass org/eclipse/m2e/jdt/IJavaProjectConfigurator
instanceKlass org/eclipse/m2e/core/internal/lifecyclemapping/LifecycleMappingResult
instanceKlass org/eclipse/m2e/core/project/configurator/AbstractLifecycleMapping
instanceKlass org/eclipse/m2e/core/internal/lifecyclemapping/MappingMetadataSource
instanceKlass org/eclipse/m2e/core/project/configurator/ILifecycleMapping
instanceKlass org/eclipse/m2e/core/internal/lifecyclemapping/LifecycleMappingFactory
instanceKlass org/apache/maven/project/DefaultProjectBuildingResult
instanceKlass org/eclipse/aether/util/graph/visitor/TreeDependencyVisitor
instanceKlass org/eclipse/aether/internal/impl/ArtifactRequestBuilder
instanceKlass org/eclipse/aether/util/graph/transformer/NearestVersionSelector$ConflictGroup
instanceKlass org/eclipse/aether/util/graph/transformer/ConflictResolver$ConflictItem
instanceKlass org/eclipse/aether/util/graph/transformer/ConflictResolver$NodeInfo
instanceKlass org/eclipse/aether/util/graph/transformer/ConflictResolver$ScopeContext
instanceKlass org/eclipse/aether/util/graph/transformer/ConflictResolver$ConflictContext
instanceKlass org/eclipse/aether/util/graph/transformer/ConflictResolver$State
instanceKlass org/eclipse/aether/util/graph/transformer/ConflictIdSorter$RootQueue
instanceKlass org/eclipse/aether/util/graph/transformer/ConflictIdSorter$ConflictId
instanceKlass org/eclipse/aether/util/graph/transformer/ConflictMarker$ConflictGroup
instanceKlass org/eclipse/aether/util/graph/transformer/ConflictMarker$Key
instanceKlass org/eclipse/aether/util/graph/transformer/ConflictMarker
instanceKlass org/eclipse/aether/util/graph/transformer/ConflictIdSorter
instanceKlass org/eclipse/jdt/internal/compiler/lookup/AnnotationHolder
instanceKlass org/eclipse/aether/util/graph/transformer/TransformationContextKeys
instanceKlass org/eclipse/aether/internal/impl/collect/DefaultDependencyGraphTransformationContext
instanceKlass org/eclipse/jdt/internal/core/NameLookup$Answer
instanceKlass org/apache/maven/repository/internal/DefaultModelCache$Key
instanceKlass org/apache/maven/model/building/ModelCacheTag$2
